Found ConfigField TileEntityRemover_Enabled
Found ConfigField TileEntityTargetList
Fluid: liquidessence
Ore: dustVinteum
Ore: gemBlueTopaz
Ore: gemChimerite
Ore: gemMoonstone
Ore: gemSunstone
Ore: crafterWood
Ore: craftingTableWood
Ore: plankWood
Ore: logWood
Ore: stickWood
Ore: crafterWood
Ore: craftingTableWood
Ore: plankWood
Ore: logWood
Ore: stickWood
Ore: crafterWood
Ore: craftingTableWood
Ore: plankWood
Ore: logWood
Ore: stickWood
Ore: crafterWood
Ore: craftingTableWood
Ore: plankWood
Ore: logWood
Ore: stickWood
Ore: crafterWood
Ore: craftingTableWood
Ore: plankWood
Ore: logWood
Ore: stickWood
Ore: crafterWood
Ore: craftingTableWood
Ore: plankWood
Ore: logWood
Ore: stickWood
Ore: crafterWood
Ore: craftingTableWood
Ore: plankWood
Ore: logWood
Ore: stickWood
Ore: crafterWood
Ore: craftingTableWood
Ore: plankWood
Ore: logWood
Ore: stickWood
Ore: crafterWood
Ore: craftingTableWood
Ore: plankWood
Ore: logWood
Ore: stickWood
Ore: crafterWood
Ore: craftingTableWood
Ore: plankWood
Ore: logWood
Ore: stickWood
Ore: crafterWood
Ore: craftingTableWood
Ore: plankWood
Ore: logWood
Ore: stickWood
Ore: crafterWood
Ore: craftingTableWood
Ore: plankWood
Ore: logWood
Ore: stickWood
Ore: dyeBlue
Ore: glassSoul
Ore: chestWood
Ore: blockGlass
Ore: blockGlass
Ore: blockGlass
Ore: cropRaspberry
Ore: cropBlueberry
Ore: cropBlackberry
Ore: cropMaloberry
Ore: cropBlightberry
Ore: cropDuskberry
Ore: cropSkyberry
Ore: cropStingberry
Ore: taintedSoil
Ore: slabWood
Ore: slabWood
Ore: saplingTree
Ore: saplingTree
Ore: leavesTree
Ore: leavesTree
Ore: leavesTree
Ore: leavesTree
Fluid: bop.liquidpoison
Fluid: bop.springwater
Fluid: bop.honey
Ore: plankWood
Ore: stickWood
Ore: stickWood
Ore: dyeBlue
Ore: dyeBrown
Ore: dyeGreen
Ore: dyeWhite
Ore: dyeBlack
Ore: gemRuby
Ore: gemOlivine
Ore: gemPeridot
Ore: gemTopaz
Ore: gemTanzanite
Ore: gemMalachite
Ore: gemSapphire
Ore: oreRuby
Ore: oreTopaz
Ore: oreOlivine
Ore: orePeridot
Ore: oreTanzanite
Ore: oreMalachite
Ore: oreSapphire
Ore: treeSapling
Ore: treeSapling
Ore: logWood
Ore: logWood
Ore: logWood
Ore: logWood
Ore: logWood
Ore: logWood
Ore: logWood
Ore: logWood
Ore: logWood
Ore: logWood
Ore: logWood
Ore: logWood
Ore: logWood
Ore: logWood
Ore: logWood
Ore: slabWood
Ore: slabWood
Ore: stairWood
Ore: stairWood
Ore: stairWood
Ore: stairWood
Ore: stairWood
Ore: stairWood
Ore: stairWood
Ore: stairWood
Ore: stairWood
Ore: stairWood
Ore: stairWood
Ore: stairWood
Ore: stairWood
Ore: treeLeaves
Ore: treeLeaves
Ore: treeLeaves
Ore: treeLeaves
Ore: treeLeaves
Ore: treeLeaves
Ore: treeLeaves
Ore: treeLeaves
Ore: sandstone
Ore: glass
Ore: oreCoal
Ore: cloth
Ore: blockGold
Ore: blockIron
Ore: blockDiamond
Ore: blockGlowstone
Ore: blockEmerald
Ore: blockRedstone
Ore: coal
Ore: charcoal
Ore: ingotIron
Ore: ingotGold
Ore: dustRedstone
Ore: slimeball
Ore: dustGlowstone
Ore: nuggetGold
Ore: gearWood
Ore: gearStone
Ore: gearIron
Ore: gearGold
Ore: gearDiamond
Fluid: uumatter
Fluid: constructionfoam
Fluid: ic2coolant
Ore: oreUranium
Ore: treeLeaves
Ore: treeSapling
Ore: logRubber
Ore: woodRubber
Ore: dustStone
Ore: dustBronze
Ore: dustClay
Ore: dustCoal
Ore: dustCopper
Ore: dustGold
Ore: dustIron
Ore: dustSilver
Ore: dustTin
Ore: dustLead
Ore: dustObsidian
Ore: dyeBlue
Ore: dustLapis
Ore: dustSulfur
Ore: dustLithium
Ore: dustDiamond
Ore: dustSiliconDioxide
Ore: dustHydratedCoal
Ore: dustTinyCopper
Ore: dustTinyGold
Ore: dustTinyIron
Ore: dustTinySilver
Ore: dustTinyTin
Ore: dustTinyLead
Ore: dustTinySulfur
Ore: dustTinyLithium
Ore: itemRubber
Ore: ingotBronze
Ore: ingotCopper
Ore: ingotRefinedIron
Ore: ingotLead
Ore: ingotTin
Ore: ingotSilver
Ore: plateIron
Ore: plateGold
Ore: plateCopper
Ore: plateTin
Ore: plateLead
Ore: plateLapis
Ore: plateObsidian
Ore: plateBronze
Ore: plateDenseIron
Ore: plateDenseGold
Ore: plateDenseCopper
Ore: plateDenseTin
Ore: plateDenseLead
Ore: plateDenseLapis
Ore: plateDenseObsidian
Ore: plateDenseBronze
Ore: crushedIron
Ore: crushedGold
Ore: crushedSilver
Ore: crushedLead
Ore: crushedCopper
Ore: crushedTin
Ore: crushedUranium
Ore: crushedPurifiedIron
Ore: crushedPurifiedGold
Ore: crushedPurifiedSilver
Ore: crushedPurifiedLead
Ore: crushedPurifiedCopper
Ore: crushedPurifiedTin
Ore: crushedPurifiedUranium
Ore: blockBronze
Ore: blockCopper
Ore: blockTin
Ore: blockUranium
Ore: blockLead
Ore: craftingCircuitTier02
Ore: circuitBasic
Ore: craftingCircuitTier04
Ore: circuitAdvanced
Ore: gemDiamond
Ore: gemDiamond
Ore: craftingToolForgeHammer
Ore: craftingToolWireCutter
Fluid: oil
Fluid: fuel
Fluid: milk
Fluid: sludge
Fluid: sewage
Fluid: mobessence
Fluid: biofuel
Fluid: meat
Fluid: pinkslime
Fluid: chocolatemilk
Fluid: mushroomsoup
Ore: gemApatite
Ore: ingotCopper
Ore: ingotTin
Ore: ingotBronze
Ore: brickPeat
Ore: dustAsh
Ore: gearBronze
Ore: gearCopper
Ore: gearTin
Ore: dustWood
Ore: pulpWood
Ore: itemBeeswax
Ore: cropCherry
Ore: cropWalnut
Ore: cropChestnut
Ore: cropLemon
Ore: cropPlum
Ore: cropDate
Ore: cropPapaya
Ore: oreApatite
Ore: oreCopper
Ore: oreTin
Ore: dropHoney
Ore: itemPollen
Ore: dropHoneydew
Ore: dropRoyalJelly
Ore: beeComb
Ore: treeSapling
Ore: logWood
Ore: logWood
Ore: logWood
Ore: logWood
Ore: logWood
Ore: logWood
Ore: logWood
Ore: plankWood
Ore: plankWood
Ore: slabWood
Ore: slabWood
Ore: slabWood
Fluid: hydrogen
Fluid: oxygen
Fluid: chlorine
Fluid: sulfurdioxidegas
Fluid: sulfurtrioxidegas
Fluid: sulfuricacid
Fluid: hydrogenchloride
Fluid: brine
Ore: oreYellorite
Ore: ingotYellorium
Ore: ingotCyanite
Ore: ingotGraphite
Ore: ingotBlutonium
Ore: dustYellorium
Ore: dustCyanite
Ore: dustGraphite
Ore: dustBlutonium
Ore: reactorCasing
Ore: reactorController
Ore: reactorPowerTap
Ore: reactorRedNetPort
Ore: reactorComputerPort
Ore: reactorRedstonePort
Ore: brSmallMachineCyaniteProcessor
Fluid: yellorium
Fluid: cyanite
Fluid: fuelcolumn
Ore: gemDiamond
Ore: gemEmerald
Ore: ingotIron
Ore: ingotGold
Ore: gemDiamond
Fluid: acid
Fluid: poison
Fluid: liquidnitrogen
Ore: logWood
Ore: logWood
Ore: logWood
Ore: logWood
Ore: logWood
Ore: logWood
Ore: logWood
Ore: logWood
Ore: logWood
Ore: logWood
Ore: logWood
Ore: logWood
Ore: logWood
Ore: logWood
Ore: logWood
Ore: logWood
Ore: logWood
Ore: logWood
Ore: logWood
Ore: logWood
Ore: logWood
Ore: logWood
Ore: logWood
Ore: logWood
Ore: logWood
Ore: logWood
Ore: logWood
Ore: logWood
Ore: logWood
Ore: logWood
Ore: logWood
Ore: logWood
Ore: logWood
Ore: logWood
Ore: logWood
Ore: logWood
Ore: logWood
Ore: logWood
Ore: logWood
Ore: logWood
Ore: plankWood
Ore: plankWood
Ore: plankWood
Ore: plankWood
Ore: plankWood
Ore: plankWood
Ore: plankWood
Ore: plankWood
Ore: plankWood
Ore: plankWood
Ore: plankWood
Ore: plankWood
Ore: plankWood
Ore: plankWood
Ore: plankWood
Ore: plankWood
Ore: plankWood
Ore: plankWood
Ore: plankWood
Ore: plankWood
Ore: plankWood
Ore: plankWood
Ore: plankWood
Ore: plankWood
Ore: plankWood
Ore: plankWood
Ore: plankWood
Ore: plankWood
Ore: plankWood
Ore: plankWood
Ore: plankWood
Ore: plankWood
Ore: plankWood
Ore: plankWood
Ore: plankWood
Fluid: sap
Fluid: resin
Fluid: latex
Fluid: turpentine
Ore: dustWood
Ore: pulpWood
Ore: cropApple
Ore: cropCrabapple
Ore: cropOrange
Ore: cropKumquat
Ore: cropLime
Ore: cropCherry
Ore: cropWildCherry
Ore: cropCherry
Ore: cropSourCherry
Ore: cropCherry
Ore: cropBlackCherry
Ore: cropBlackthorn
Ore: cropPlum
Ore: cropCherryPlum
Ore: cropAlmond
Ore: cropApricot
Ore: cropGrapefruit
Ore: cropPeach
Ore: cropSatsuma
Ore: cropOrange
Ore: cropBuddhaHand
Ore: cropCitron
Ore: cropCitron
Ore: cropLime
Ore: cropFingerLime
Ore: cropKeyLime
Ore: cropLime
Ore: cropOrange
Ore: cropManderin
Ore: cropPeach
Ore: cropNectarine
Ore: cropPomelo
Ore: cropTangerine
Ore: cropOrange
Ore: cropPear
Ore: cropSandPear
Ore: cropHazelnut
Ore: cropButternut
Ore: cropWalnut
Ore: cropBeechnut
Ore: cropPecan
Ore: cropBanana
Ore: cropRedBanana
Ore: cropBanana
Ore: cropPlantain
Ore: cropBrazilNut
Ore: cropFig
Ore: cropAcorn
Ore: cropElderberry
Ore: cropOlive
Ore: cropGingkoNut
Ore: cropCoffee
Ore: cropOsangeOrange
Ore: cropClove
Ore: cropApple
Ore: cropHops
Ore: seedWheat
Ore: seedWheat
Ore: seedBarley
Ore: seedCorn
Ore: seedRye
Ore: seedRoasted
Fluid: fluxgoo
Ore: oreCinnabar
Ore: oreInfusedAir
Ore: oreInfusedFire
Ore: oreInfusedWater
Ore: oreInfusedEarth
Ore: oreInfusedOrder
Ore: oreInfusedEntropy
Ore: shardAir
Ore: shardFire
Ore: shardWater
Ore: shardEarth
Ore: shardOrder
Ore: shardEntropy
Ore: oreAmber
Ore: quicksilver
Ore: gemAmber
Ore: nuggetIron
Ore: nuggetCopper
Ore: nuggetTin
Ore: nuggetSilver
Ore: nuggetLead
Ore: nuggetThaumium
Ore: nuggetMercury
Ore: nuggetQuicksilver
Ore: ingotThaumium
Ore: clusterIron
Ore: clusterCopper
Ore: clusterTin
Ore: clusterSilver
Ore: clusterLead
Ore: clusterCinnabar
Ore: clusterGold
Ore: logWood
Ore: logWood
Ore: plankWood
Ore: plankWood
Fluid: creosote
Fluid: steam
Ore: nuggetIron
Ore: nuggetSteel
Ore: ingotSteel
Ore: fuelCoke
Ore: dustObsidian
Ore: dustSulfur
Ore: dustSaltpeter
Ore: dustCharcoal
Ore: blockSteel
Ore: oreSulfur
Ore: oreSaltpeter
Ore: oreDiamond
Ore: oreEmerald
Ore: oreLapis
Ore: oreFirestone
Ore: sludge
Ore: oreSilver
Ore: ingotSilver
Ore: ingotLead
Ore: blockSilver
Ore: blockLead
Ore: oreDarkIron
Ore: oreFzDarkIron
Ore: ingotDarkIron
Ore: ingotFzDarkIron
Ore: blockDarkIron
Ore: blockFzDarkIron
Ore: sulfuricAcid
Ore: bottleSulfuricAcid
Ore: aquaRegia
Ore: pipeMediumBronze
Ore: pipeMediumSteel
Ore: pipeMediumStainlessSteel
Ore: pipeMediumTungstenSteel
Ore: pipeSmallBronze
Ore: pipeSmallSteel
Ore: pipeSmallStainlessSteel
Ore: pipeSmallTungstenSteel
Ore: pipeLargeBronze
Ore: pipeLargeSteel
Ore: pipeLargeStainlessSteel
Ore: pipeLargeTungstenSteel
Ore: pipeMediumBrass
Ore: pipeMediumElectrum
Ore: pipeMediumPlatinum
Ore: pipeLargeBrass
Ore: pipeLargeElectrum
Ore: pipeLargePlatinum
Ore: cellEmpty
Ore: cellOxygen
Ore: cellLava
Ore: cellWater
Ore: cellCreosote
Ore: cellBioFuel
Ore: cellCoalFuel
Ore: cellUUMatter
Ore: cellConstructionFoam
Ore: bucketEmpty
Ore: bucketWater
Ore: bucketLava
Ore: bottleEmpty
Ore: bottleWater
Ore: plateAlloyIridium
Ore: plateAlloyAdvanced
Ore: plateAlloyCarbon
Ore: oreRedstone
Ore: oreNetherQuartz
Ore: oreGalena
Ore: oreIridium
Ore: oreRuby
Ore: oreSapphire
Ore: oreBauxite
Ore: orePyrite
Ore: oreCinnabar
Ore: oreSphalerite
Ore: oreTungstate
Ore: oreCooperite
Ore: oreOlivine
Ore: oreSodalite
Ore: oreTetrahedrite
Ore: oreCassiterite
Ore: oreNickel
Ore: gemIridium
Ore: gemEnderEye
Ore: gemEnderPearl
Ore: gemCoal
Ore: gemCharcoal
Ore: gemLapis
Ore: craftingQuartz
Ore: gemNetherQuartz
Ore: gemNetherStar
Ore: dustSugar
Ore: dustGunpowder
Ore: dustBlaze
Ore: stickBlaze
Ore: blockLapis
Ore: blockCoal
Ore: blockSilver
Ore: blockRuby
Ore: blockSapphire
Ore: blockAluminium
Ore: blockTitanium
Ore: blockChrome
Ore: blockSteel
Ore: blockBrass
Ore: blockLead
Ore: blockElectrum
Ore: blockZinc
Ore: blockOlivine
Ore: blockGreenSapphire
Ore: blockPlatinum
Ore: blockTungsten
Ore: blockNickel
Ore: blockInvar
Ore: blockOsmium
Ore: blockIridium
Ore: blockGarnetYellow
Ore: blockGarnetRed
Ore: craftingEnderChest
Ore: craftingIndustrialDiamond
Ore: glassReinforced
Ore: stoneObsidian
Ore: stoneMossy
Ore: cobblestone
Ore: stoneCobble
Ore: stoneBricks
Ore: stoneMossy
Ore: stoneCracked
Ore: stoneChiseled
Ore: stoneSand
Ore: stoneNetherrack
Ore: stoneNetherBrick
Ore: stoneEndstone
Ore: stoneGraniteBlack
Ore: stoneGraniteBlack
Ore: stoneGraniteBlack
Ore: stoneGraniteBlack
Ore: stoneGraniteBlack
Ore: stoneGraniteBlack
Ore: stoneGraniteBlack
Ore: stoneGraniteBlack
Ore: stoneGraniteRed
Ore: stoneGraniteRed
Ore: stoneGraniteRed
Ore: stoneGraniteRed
Ore: stoneGraniteRed
Ore: stoneGraniteRed
Ore: stoneGraniteRed
Ore: stoneGraniteRed
Ore: ingotHotTungstenSteel
Ore: ingotTungstenSteel
Ore: dyeBlue
Ore: plateMagnalium
Ore: dustWheat
Ore: plankWood
Ore: ingotIridium
Ore: ingotSilver
Ore: ingotAluminium
Ore: ingotTitanium
Ore: ingotChrome
Ore: ingotElectrum
Ore: ingotTungsten
Ore: ingotLead
Ore: ingotZinc
Ore: ingotBrass
Ore: ingotSteel
Ore: ingotPlatinum
Ore: ingotNickel
Ore: ingotInvar
Ore: ingotOsmium
Ore: ingotAntimony
Ore: gemRuby
Ore: gemSapphire
Ore: gemGreenSapphire
Ore: blockLazurite
Ore: plateSilicon
Ore: gemOlivine
Ore: gemPeridot
Ore: ingotThorium
Ore: ingotPlutonium
Ore: ingotMagnalium
Ore: ingotSolderingAlloy
Ore: ingotBatteryAlloy
Ore: ingotUranium
Ore: ingotStainlessSteel
Ore: ingotCupronickel
Ore: ingotNichrome
Ore: ingotKanthal
Ore: gemGarnetRed
Ore: gemGarnet
Ore: gemGarnetYellow
Ore: plateGarnetYellow
Ore: plateGarnetRed
Ore: plateGarnet
Ore: plateIron
Ore: plateGold
Ore: craftingPlateSteel
Ore: plateStainlessSteel
Ore: plateTin
Ore: plateCopper
Ore: plateSilver
Ore: plateBronze
Ore: plateElectrum
Ore: plateNickel
Ore: plateInvar
Ore: plateLead
Ore: plateAluminium
Ore: plateChrome
Ore: plateTitanium
Ore: craftingPlateSteel
Ore: plateSteel
Ore: platePlatinum
Ore: plateTungsten
Ore: plateBrass
Ore: plateZinc
Ore: plateTungstenSteel
Ore: plateOsmium
Ore: plateIridium
Ore: plateBatteryAlloy
Ore: plateDiamond
Ore: plateEmerald
Ore: plateRuby
Ore: plateSapphire
Ore: plateGreenSapphire
Ore: plateOlivine
Ore: plateRedstone
Ore: plateLapis
Ore: plateCoal
Ore: stickIron
Ore: stickGold
Ore: stickStainlessSteel
Ore: craftingToolSolderingMetal
Ore: stickTin
Ore: stickCopper
Ore: stickSilver
Ore: stickBronze
Ore: stickElectrum
Ore: stickNickel
Ore: stickInvar
Ore: stickLead
Ore: stickAluminium
Ore: stickChrome
Ore: stickTitanium
Ore: stickSteel
Ore: stickPlatinum
Ore: stickTungsten
Ore: stickBrass
Ore: stickZinc
Ore: stickTungstenSteel
Ore: stickOsmium
Ore: stickIridium
Ore: craftingLenseWhite
Ore: lenseDiamond
Ore: craftingLenseRed
Ore: lenseRuby
Ore: craftingLenseGreen
Ore: lenseEmerald
Ore: craftingLenseBlue
Ore: lenseSapphire
Ore: craftingLenseCyan
Ore: lenseGreenSapphire
Ore: craftingLenseYellow
Ore: lenseGarnetYellow
Ore: craftingLenseRed
Ore: lenseGarnetRed
Ore: lenseGarnet
Ore: craftingLenseLime
Ore: lenseOlivine
Ore: craftingLenseOrange
Ore: lenseAmber
Ore: craftingLensePurple
Ore: lenseTanzanite
Ore: craftingLenseOrange
Ore: lenseTopaz
Ore: boltIron
Ore: boltGold
Ore: boltStainlessSteel
Ore: boltTin
Ore: boltCopper
Ore: boltSilver
Ore: boltBronze
Ore: boltElectrum
Ore: boltNickel
Ore: boltInvar
Ore: boltLead
Ore: boltAluminium
Ore: boltChrome
Ore: boltTitanium
Ore: boltSteel
Ore: boltPlatinum
Ore: boltTungsten
Ore: boltBrass
Ore: boltZinc
Ore: boltTungstenSteel
Ore: boltOsmium
Ore: boltIridium
Ore: screwIron
Ore: screwGold
Ore: screwStainlessSteel
Ore: screwTin
Ore: screwCopper
Ore: screwSilver
Ore: screwBronze
Ore: screwElectrum
Ore: screwNickel
Ore: screwInvar
Ore: screwLead
Ore: screwAluminium
Ore: screwChrome
Ore: screwTitanium
Ore: screwSteel
Ore: screwPlatinum
Ore: screwTungsten
Ore: screwBrass
Ore: screwZinc
Ore: screwTungstenSteel
Ore: screwOsmium
Ore: screwIridium
Ore: roundIron
Ore: roundGold
Ore: roundStainlessSteel
Ore: roundTin
Ore: roundCopper
Ore: roundSilver
Ore: roundBronze
Ore: roundElectrum
Ore: roundNickel
Ore: roundInvar
Ore: roundLead
Ore: roundAluminium
Ore: roundChrome
Ore: roundTitanium
Ore: roundSteel
Ore: roundPlatinum
Ore: roundTungsten
Ore: roundBrass
Ore: roundZinc
Ore: roundTungstenSteel
Ore: roundOsmium
Ore: roundIridium
Ore: nuggetIridium
Ore: nuggetSilver
Ore: nuggetAluminium
Ore: nuggetTitanium
Ore: nuggetChrome
Ore: nuggetElectrum
Ore: nuggetTungsten
Ore: nuggetLead
Ore: nuggetZinc
Ore: nuggetBrass
Ore: nuggetSteel
Ore: nuggetPlatinum
Ore: nuggetNickel
Ore: nuggetInvar
Ore: nuggetOsmium
Ore: nuggetAntimony
Ore: nuggetIron
Ore: nuggetCopper
Ore: nuggetTin
Ore: nuggetBronze
Ore: dustEnderPearl
Ore: dustSmallEnderPearl
Ore: dustTinyEnderPearl
Ore: dustImpureEnderPearl
Ore: dustEnderEye
Ore: dustSmallEnderEye
Ore: dustTinyEnderEye
Ore: dustImpureEnderEye
Ore: dyeCyan
Ore: dustLazurite
Ore: dustSmallLazurite
Ore: dustTinyLazurite
Ore: dustImpureLazurite
Ore: dustPyrite
Ore: dustSmallPyrite
Ore: dustTinyPyrite
Ore: dustImpurePyrite
Ore: dustCalcite
Ore: dustSmallCalcite
Ore: dustTinyCalcite
Ore: dustImpureCalcite
Ore: dyeBlue
Ore: dustSodalite
Ore: dustSmallSodalite
Ore: dustTinySodalite
Ore: dustImpureSodalite
Ore: dustNetherrack
Ore: dustSmallNetherrack
Ore: dustTinyNetherrack
Ore: dustImpureNetherrack
Ore: dustFlint
Ore: dustSmallFlint
Ore: dustTinyFlint
Ore: dustImpureFlint
Ore: dustSulfur
Ore: dustSmallSulfur
Ore: dustTinySulfur
Ore: dustImpureSulfur
Ore: dustSaltpeter
Ore: dustSmallSaltpeter
Ore: dustTinySaltpeter
Ore: dustImpureSaltpeter
Ore: dustEndstone
Ore: dustSmallEndstone
Ore: dustTinyEndstone
Ore: dustImpureEndstone
Ore: dustCinnabar
Ore: dustSmallCinnabar
Ore: dustTinyCinnabar
Ore: dustImpureCinnabar
Ore: dustManganese
Ore: dustSmallManganese
Ore: dustTinyManganese
Ore: dustImpureManganese
Ore: dustMagnesium
Ore: dustSmallMagnesium
Ore: dustTinyMagnesium
Ore: dustImpureMagnesium
Ore: dustSphalerite
Ore: dustSmallSphalerite
Ore: dustTinySphalerite
Ore: dustImpureSphalerite
Ore: pulpWood
Ore: dustWood
Ore: dustSmallWood
Ore: dustTinyWood
Ore: dustImpureWood
Ore: dustUranium
Ore: dustSmallUranium
Ore: dustTinyUranium
Ore: dustImpureUranium
Ore: dustBauxite
Ore: dustSmallBauxite
Ore: dustTinyBauxite
Ore: dustImpureBauxite
Ore: dustAluminium
Ore: dustSmallAluminium
Ore: dustTinyAluminium
Ore: dustImpureAluminium
Ore: dustTitanium
Ore: dustSmallTitanium
Ore: dustTinyTitanium
Ore: dustImpureTitanium
Ore: dustChrome
Ore: dustSmallChrome
Ore: dustTinyChrome
Ore: dustImpureChrome
Ore: dustElectrum
Ore: dustSmallElectrum
Ore: dustTinyElectrum
Ore: dustImpureElectrum
Ore: dustTungsten
Ore: dustSmallTungsten
Ore: dustTinyTungsten
Ore: dustImpureTungsten
Ore: dustLead
Ore: dustSmallLead
Ore: dustTinyLead
Ore: dustImpureLead
Ore: dustZinc
Ore: dustSmallZinc
Ore: dustTinyZinc
Ore: dustImpureZinc
Ore: dustBrass
Ore: dustSmallBrass
Ore: dustTinyBrass
Ore: dustImpureBrass
Ore: dustSteel
Ore: dustSmallSteel
Ore: dustTinySteel
Ore: dustImpureSteel
Ore: dustPlatinum
Ore: dustSmallPlatinum
Ore: dustTinyPlatinum
Ore: dustImpurePlatinum
Ore: dustNickel
Ore: dustSmallNickel
Ore: dustTinyNickel
Ore: dustImpureNickel
Ore: dustInvar
Ore: dustSmallInvar
Ore: dustTinyInvar
Ore: dustImpureInvar
Ore: dustOsmium
Ore: dustSmallOsmium
Ore: dustTinyOsmium
Ore: dustImpureOsmium
Ore: dustAntimony
Ore: dustSmallAntimony
Ore: dustTinyAntimony
Ore: dustImpureAntimony
Ore: dustRuby
Ore: dustSmallRuby
Ore: dustTinyRuby
Ore: dustImpureRuby
Ore: dustSapphire
Ore: dustSmallSapphire
Ore: dustTinySapphire
Ore: dustImpureSapphire
Ore: dustGreenSapphire
Ore: dustSmallGreenSapphire
Ore: dustTinyGreenSapphire
Ore: dustImpureGreenSapphire
Ore: dustEmerald
Ore: dustSmallEmerald
Ore: dustTinyEmerald
Ore: dustImpureEmerald
Ore: dustDiamond
Ore: dustSmallDiamond
Ore: dustTinyDiamond
Ore: dustImpureDiamond
Ore: dustOlivine
Ore: dustSmallOlivine
Ore: dustTinyOlivine
Ore: dustImpureOlivine
Ore: dustCupronickel
Ore: dustSmallCupronickel
Ore: dustTinyCupronickel
Ore: dustImpureCupronickel
Ore: dustNichrome
Ore: dustSmallNichrome
Ore: dustTinyNichrome
Ore: dustImpureNichrome
Ore: dustKanthal
Ore: dustSmallKanthal
Ore: dustTinyKanthal
Ore: dustImpureKanthal
Ore: dustStainlessSteel
Ore: dustSmallStainlessSteel
Ore: dustTinyStainlessSteel
Ore: dustImpureStainlessSteel
Ore: dustGalena
Ore: dustSmallGalena
Ore: dustTinyGalena
Ore: dustImpureGalena
Ore: dustPhosphorus
Ore: dustSmallPhosphorus
Ore: dustTinyPhosphorus
Ore: dustImpurePhosphorus
Ore: dustObsidian
Ore: dustSmallObsidian
Ore: dustTinyObsidian
Ore: dustImpureObsidian
Ore: dustCharcoal
Ore: dustSmallCharcoal
Ore: dustTinyCharcoal
Ore: dustImpureCharcoal
Ore: dustGarnetRed
Ore: dustGarnet
Ore: dustSmallGarnetRed
Ore: dustSmallGarnet
Ore: dustTinyGarnetRed
Ore: dustTinyGarnet
Ore: dustImpureGarnetRed
Ore: dustImpureGarnet
Ore: dustGarnetYellow
Ore: dustSmallGarnetYellow
Ore: dustTinyGarnetYellow
Ore: dustImpureGarnetYellow
Ore: dustPyrope
Ore: dustSmallPyrope
Ore: dustTinyPyrope
Ore: dustImpurePyrope
Ore: dustAlmandine
Ore: dustSmallAlmandine
Ore: dustTinyAlmandine
Ore: dustImpureAlmandine
Ore: dustSpessartine
Ore: dustSmallSpessartine
Ore: dustTinySpessartine
Ore: dustImpureSpessartine
Ore: dustAndradite
Ore: dustSmallAndradite
Ore: dustTinyAndradite
Ore: dustImpureAndradite
Ore: dustGrossular
Ore: dustSmallGrossular
Ore: dustTinyGrossular
Ore: dustImpureGrossular
Ore: dustUvarovite
Ore: dustSmallUvarovite
Ore: dustTinyUvarovite
Ore: dustImpureUvarovite
Ore: dustAsh
Ore: dustSmallAsh
Ore: dustTinyAsh
Ore: dustImpureAsh
Ore: dustDarkAsh
Ore: dustSmallDarkAsh
Ore: dustTinyDarkAsh
Ore: dustImpureDarkAsh
Ore: dustRedrock
Ore: dustSmallRedrock
Ore: dustTinyRedrock
Ore: dustImpureRedrock
Ore: dustMarble
Ore: dustSmallMarble
Ore: dustTinyMarble
Ore: dustImpureMarble
Ore: dustBasalt
Ore: dustSmallBasalt
Ore: dustTinyBasalt
Ore: dustImpureBasalt
Ore: dustIridium
Ore: dustSmallIridium
Ore: dustTinyIridium
Ore: dustImpureIridium
Ore: dustGraniteBlack
Ore: dustSmallGraniteBlack
Ore: dustTinyGraniteBlack
Ore: dustImpureGraniteBlack
Ore: dustGraniteRed
Ore: dustSmallGraniteRed
Ore: dustTinyGraniteRed
Ore: dustImpureGraniteRed
Ore: dustPotassiumFeldspar
Ore: dustSmallPotassiumFeldspar
Ore: dustTinyPotassiumFeldspar
Ore: dustImpurePotassiumFeldspar
Ore: dustBiotite
Ore: dustSmallBiotite
Ore: dustTinyBiotite
Ore: dustImpureBiotite
Ore: dustThorium
Ore: dustSmallThorium
Ore: dustTinyThorium
Ore: dustImpureThorium
Ore: dustPlutonium
Ore: dustSmallPlutonium
Ore: dustTinyPlutonium
Ore: dustImpurePlutonium
Ore: dyeBlue
Ore: dustLapis
Ore: dustSmallLapis
Ore: dustTinyLapis
Ore: dustImpureLapis
Ore: dustTetrahedrite
Ore: dustSmallTetrahedrite
Ore: dustTinyTetrahedrite
Ore: dustImpureTetrahedrite
Ore: dustCoal
Ore: dustSmallCoal
Ore: dustTinyCoal
Ore: dustImpureCoal
Ore: dustIron
Ore: dustSmallIron
Ore: dustTinyIron
Ore: dustImpureIron
Ore: dustGold
Ore: dustSmallGold
Ore: dustTinyGold
Ore: dustImpureGold
Ore: dustCopper
Ore: dustSmallCopper
Ore: dustTinyCopper
Ore: dustImpureCopper
Ore: dustTin
Ore: dustSmallTin
Ore: dustTinyTin
Ore: dustImpureTin
Ore: dustBronze
Ore: dustSmallBronze
Ore: dustTinyBronze
Ore: dustImpureBronze
Ore: dustSilver
Ore: dustSmallSilver
Ore: dustTinySilver
Ore: dustImpureSilver
Ore: dustClay
Ore: dustSmallClay
Ore: dustTinyClay
Ore: dustImpureClay
Ore: dustSmallGunpowder
Ore: dustTinyGunpowder
Ore: dustSmallRedstone
Ore: dustTinyRedstone
Ore: dustSmallGlowstone
Ore: dustTinyGlowstone
Ore: dustSmallBlaze
Ore: dustTinyBlaze
Ore: cellHydrogen
Ore: cellDeuterium
Ore: cellTritium
Ore: cellHelium
Ore: cellTungsten
Ore: cellLithium
Ore: cellHelium_3
Ore: cellSilicon
Ore: cellCarbon
Ore: cellMethane
Ore: cellBeryllium
Ore: cellCalcium
Ore: cellSodium
Ore: cellChlorine
Ore: cellPotassium
Ore: cellNitrogen
Ore: cellMercury
Ore: cellOil
Ore: cellFuel
Ore: cellEthanol
Ore: cellBiomass
Ore: cellNitroFuel
Ore: cellIce
Ore: cellSeedOil
Ore: cellSodiumPersulfate
Ore: cellCalcite
Ore: cellGlyceryl
Ore: cellNitroCoalFuel
Ore: cellSulfur
Ore: cellSodiumSulfide
Ore: cellNitrogenDioxide
Ore: cellNitroCarbon
Ore: cellSulfuricAcid
Ore: cellPlasmaHelium
Ore: craftingCircuitTier07
Ore: circuitMaster
Ore: craftingCircuitTier06
Ore: circuitElite
Ore: craftingCircuitTier05
Ore: circuitData
Ore: circuitPartAdvanced
Ore: circuitBoardBasic
Ore: circuitBoardAdvanced
Ore: circuitBoardElite
Ore: craftingSuperconductor
Ore: craftingMonitorTier02
Ore: craftingConveyor
Ore: craftingPump
Ore: craftingSolarPanel
Ore: craftingItemValve
Ore: craftingDrain
Ore: craftingLiquidMeter
Ore: craftingItemMeter
Ore: crafting1kkEUStore
Ore: batteryElite
Ore: crafting10kkEUStore
Ore: batteryMaster
Ore: crafting100kkEUStore
Ore: batteryUltimate
Ore: craftingEnergyMeter
Ore: craftingDuctTape
Ore: craftingDiamondBlade
Ore: craftingGrinder
Ore: craftingHeatingCoilTier01
Ore: craftingHeatingCoilTier02
Ore: craftingHeatingCoilTier00
Ore: craftingMachineParts
Ore: craftingGrinder
Ore: craftingPneumaticGenerator
Ore: crafting100kEUStore
Ore: craftingLiBattery
Ore: calclavia:ADVANCED_BATTERY
Ore: batteryLithium
Ore: craftingHVTUpgrade
Ore: craftingEnergyCellUpgrade
Ore: craftingQuantumChestUpgrade
Ore: craftingWorkDetector
Ore: craftingWorkController
Ore: craftingRawMachineTier00
Ore: craftingRawMachineTier01
Ore: craftingRawMachineTier00
Ore: craftingRawMachineTier00
Ore: craftingRawMachineTier02
Ore: craftingRawMachineTier03
Ore: craftingRawMachineTier00
Ore: craftingRawMachineTier01
Ore: craftingRawMachineTier03
Ore: craftingRawMachineTier02
Ore: craftingTurbineBladeBronze
Ore: craftingTurbineBladeSteel
Ore: craftingTurbineBladeMagnalium
Ore: craftingTurbineBladeTungstenSteel
Ore: craftingTurbineBladeCarbon
Ore: craftingSprayCan
Ore: craftingWorkBench
Ore: craftingSolarPanelLV
Ore: craftingSolarPanelMV
Ore: craftingSolarPanelHV
Ore: craftingShutter
Ore: craftingSteamUpgrade
Ore: craftingSteamTank
Ore: craftingRedstoneReceiver
Ore: craftingRedstoneReceiver
Ore: craftingRedstoneTransmitter
Ore: craftingRedstoneTransmitter
Ore: craftingRedstoneConductor
Ore: craftingRedstoneSignalizer
Ore: craftingLock
Ore: craftingMuffler
Ore: gearIron
Ore: craftingGearTier01
Ore: gearBronze
Ore: craftingGearTier01
Ore: gearSteel
Ore: craftingGearTier02
Ore: gearTitanium
Ore: craftingGearTier03
Ore: gearTungstenSteel
Ore: craftingGearTier03
Ore: gearIridium
Ore: craftingGearTier04
Ore: gearStainlessSteel
Ore: craftingGearTier02
Ore: craftingToolCrowbar
Ore: craftingToolScrewdriver
Ore: craftingToolWrench
Ore: craftingToolWrench
Ore: craftingToolWrench
Ore: craftingToolWrench
Ore: craftingToolWrench
Ore: craftingToolWrench
Ore: craftingToolSoftHammer
Ore: craftingToolHardHammer
Ore: craftingToolHardHammer
Ore: craftingToolHardHammer
Ore: craftingToolHardHammer
Ore: craftingToolSolderingIron
Ore: craftingToolSolderingMetal
Ore: craftingToolSolderingMetal
Ore: craftingToolFile
Ore: craftingToolFile
Ore: craftingToolFile
Ore: craftingToolFile
Ore: dyeBlack
Ore: dyeRed
Ore: dyeGreen
Ore: dyeBrown
Ore: dyeBlue
Ore: dyePurple
Ore: dyeCyan
Ore: dyeLightGray
Ore: dyeGray
Ore: dyePink
Ore: dyeLime
Ore: dyeYellow
Ore: dyeLightBlue
Ore: dyeMagenta
Ore: dyeOrange
Ore: dyeWhite
Ore: craftingToolSaw
Ore: craftingToolSaw
Ore: craftingToolSaw
Ore: craftingToolSaw
Ore: craftingToolSaw
Ore: craftingToolSaw
Ore: craftingToolScrewdriver
Ore: craftingToolScrewdriver
Ore: plateIron
Ore: craftingPlateSteel
Ore: plateSteel
Ore: crafting100kEUStore
Ore: craftingLiBattery
Ore: calclavia:ADVANCED_BATTERY
Ore: batteryLithium
Ore: crafting100kEUStore
Ore: craftingLiBattery
Ore: calclavia:ADVANCED_BATTERY
Ore: batteryLithium
Ore: craftingCircuitTier08
Ore: circuitUltimate
Ore: crafting10kEUStore
Ore: calclavia:BATTERY
Ore: batteryBasic
Ore: crafting10kEUStore
Ore: calclavia:BATTERY
Ore: batteryBasic
Ore: crafting100kEUStore
Ore: calclavia:ADVANCED_BATTERY
Ore: batteryAdvanced
Ore: crafting60kEUPack
Ore: crafting300kEUPack
Ore: crafting600kEUPack
Ore: crafting1kkEUStore
Ore: batteryElite
Ore: crafting10kkEUStore
Ore: batteryMaster
Ore: crafting100kkEUStore
Ore: batteryUltimate
Ore: crafting100kkEUPack
Ore: crafting10kCoolantStore
Ore: crafting30kCoolantStore
Ore: crafting60kCoolantStore
Ore: crafting60kCoolantStore
Ore: crafting60kCoolantStore
Ore: crafting180kCoolantStore
Ore: crafting180kCoolantStore
Ore: crafting360kCoolantStore
Ore: crafting360kCoolantStore
Ore: wireCopper
Ore: craftingWireCopper
Ore: craftingWireGold
Ore: craftingWireIron
Ore: craftingWireTin
Ore: craftingRawMachineTier00
Ore: craftingRawMachineTier01
Ore: craftingRawMachineTier00
Ore: craftingRawMachineTier01
Ore: craftingRawMachineTier02
Ore: craftingRawMachineTier04
Ore: craftingRedstoneTorch
Ore: craftingRedstoneTorch
Ore: computerBasic
Ore: computerMaster
Ore: craftingWorkBench
Ore: craftingWorkBench
Ore: craftingPiston
Ore: craftingPiston
Ore: craftingSafe
Ore: craftingSafe
Ore: craftingChest
Ore: craftingChest
Ore: craftingFurnace
Ore: craftingFurnace
Ore: craftingPump
Ore: craftingElectromagnet
Ore: craftingTeleporter
Ore: craftingMacerator
Ore: craftingMacerator
Ore: craftingExtractor
Ore: craftingExtractor
Ore: craftingCompressor
Ore: craftingCompressor
Ore: craftingRecycler
Ore: craftingRecycler
Ore: craftingIronFurnace
Ore: craftingCentrifuge
Ore: craftingInductionFurnace
Ore: craftingElectricFurnace
Ore: craftingElectricFurnace
Ore: craftingGenerator
Ore: craftingGeothermalGenerator
Ore: craftingSolarPanel
Ore: craftingMVTUpgrade
Ore: paperEmpty
Ore: paperMap
Ore: paperMap
Ore: bookEmpty
Ore: bookWritable
Ore: bookWritten
Ore: bookEnchanted
Ore: dustCoal
Ore: dustIron
Ore: dustGold
Ore: dustCopper
Ore: dustTin
Ore: dustEnderPearl
Ore: itemSilicon
Ore: gearStone
Ore: glass
Ore: glassHardened
Ore: glass
Fluid: mutagen
Fluid: endergoo
Ore: hambone
Ore: blockRubber
Fluid: iron.molten
Fluid: gold.molten
Fluid: copper.molten
Fluid: tin.molten
Fluid: aluminum.molten
Fluid: cobalt.molten
Fluid: ardite.molten
Fluid: bronze.molten
Fluid: aluminumbrass.molten
Fluid: manyullyn.molten
Fluid: alumite.molten
Fluid: obsidian.molten
Fluid: steel.molten
Fluid: glass.molten
Fluid: stone.seared
Fluid: emerald.liquid
Fluid: blood
Fluid: nickel.molten
Fluid: lead.molten
Fluid: silver.molten
Fluid: platinum.molten
Fluid: invar.molten
Fluid: electrum.molten
Fluid: ender
Fluid: slime.blue
Fluid: glue
Fluid: pigiron.molten
Ore: oreCobalt
Ore: oreArdite
Ore: oreCopper
Ore: oreTin
Ore: oreAluminum
Ore: oreAluminium
Ore: oreIron
Ore: oreGold
Ore: oreCobalt
Ore: oreCopper
Ore: oreTin
Ore: oreAluminum
Ore: oreAluminium
Ore: ingotCobalt
Ore: ingotArdite
Ore: ingotManyullyn
Ore: ingotCopper
Ore: ingotTin
Ore: ingotAluminum
Ore: ingotAluminium
Ore: ingotBronze
Ore: ingotAluminumBrass
Ore: ingotAluminiumBrass
Ore: ingotAlumite
Ore: ingotSteel
Ore: ingotObsidian
Ore: ingotPigIron
Ore: itemRawRubber
Ore: blockCobalt
Ore: blockArdite
Ore: blockManyullyn
Ore: blockCopper
Ore: blockBronze
Ore: blockTin
Ore: blockAluminum
Ore: blockAluminium
Ore: blockAluminumBrass
Ore: blockAluminiumBrass
Ore: blockAlumite
Ore: blockSteel
Ore: nuggetIron
Ore: nuggetIron
Ore: nuggetCopper
Ore: nuggetCopper
Ore: nuggetTin
Ore: nuggetTin
Ore: nuggetAluminum
Ore: nuggetAluminum
Ore: nuggetAluminium
Ore: nuggetAluminium
Ore: nuggetAluminumBrass
Ore: nuggetAluminiumBrass
Ore: nuggetObsidian
Ore: nuggetCobalt
Ore: nuggetArdite
Ore: nuggetManyullyn
Ore: nuggetBronze
Ore: nuggetAlumite
Ore: nuggetSteel
Ore: nuggetGold
Ore: nuggetPigIron
Ore: dustArdite
Ore: dustCobalt
Ore: dustAluminium
Ore: dustAluminum
Ore: dustManyullyn
Ore: dustAluminiumBrass
Ore: dustAluminumBrass
Ore: slabCloth
Ore: slabCloth
Ore: crafterWood
Ore: craftingTableWood
Ore: torchStone
Ore: woodRod
Ore: stoneRod
Ore: ironRod
Ore: flintRod
Ore: cactusRod
Ore: boneRod
Ore: obsidianRod
Ore: netherrackRod
Ore: slimeRod
Ore: paperRod
Ore: cobaltRod
Ore: arditeRod
Ore: manyullynRod
Ore: copperRod
Ore: bronzeRod
Ore: alumiteRod
Ore: steelRod
Ore: blueslimeRod
Ore: thaumiumRod
Ore: glassWhite
Ore: glassOrange
Ore: glassMagenta
Ore: glassLightBlue
Ore: glassYellow
Ore: glassLime
Ore: glassPink
Ore: glassGray
Ore: glassLightGray
Ore: glassCyan
Ore: glassPurple
Ore: glassBlue
Ore: glassBrown
Ore: glassGreen
Ore: glassRed
Ore: glassBlack
Ore: slimeball
Ore: slimeball
Ore: slimeball
Ore: slimeball
Ore: glass
Ore: glass
Fluid: myst.ink.black
Ore: mb.magnet.level0
Ore: mb.magnet.level0
Ore: mb.magnet.level1
Ore: mb.magnet.level1
Ore: mb.magnet.level2
Ore: mb.magnet.level2
Ore: mb.magnet.level3
Ore: mb.magnet.level3
Ore: mb.magnet.level4
Ore: mb.magnet.level4
Ore: mb.magnet.level5
Ore: mb.magnet.level5
Ore: mb.magnet.level6
Ore: mb.magnet.level6
Ore: mb.magnet.level7
Ore: mb.magnet.level7
Ore: mb.magnet.level8
Ore: mb.magnet.level8
Ore: beeComb
Ore: waxMagical
Ore: waxMagical
Ore: nuggetIron
Ore: nuggetCopper
Ore: nuggetTin
Ore: nuggetSilver
Ore: nuggetLead
Ore: shardDiamond
Ore: shardEmerald
Ore: shardApatite
Ore: ingotUranium
Ore: ingotIridium
Ore: solarPanelHV
Ore: sunnariumPart
Ore: sunnarium
Ore: itemSuperconductor
Fluid: fortron
Fluid: xpjuice
Found ConfigField creosote_fermentation
